<?xml version="1.0" encoding="UTF-8"?>
<testsuite name="tests.RegistrationFormWithVariablesRandomTests" tests="2" skipped="0" failures="0" errors="0" timestamp="2023-07-24T06:11:05" hostname="MacBook-Pro-MACBOOK.local" time="70.728">
  <properties/>
  <testcase name="test()" classname="tests.RegistrationFormWithVariablesRandomTests" time="51.571"/>
  <testcase name="fillFormTest()" classname="tests.RegistrationFormWithVariablesRandomTests" time="19.153"/>
  <system-out><![CDATA[]]></system-out>
  <system-err><![CDATA[июл. 24, 2023 10:11:05 AM org.openqa.selenium.remote.RemoteWebDriver checkNonW3CCapabilities
WARNING: Support for Legacy Capabilities is deprecated; You are sending the following invalid capabilities: [enableVNC, enableVideo]; Please update to W3C Syntax: https://www.selenium.dev/blog/2022/legacy-protocol-support/
июл. 24, 2023 10:11:53 AM org.openqa.selenium.remote.ProtocolHandshake createSession
WARNING: Support for Legacy Capabilities is deprecated; You are sending the following invalid capabilities: [enableVNC, enableVideo]; Please update to W3C Syntax: https://www.selenium.dev/blog/2022/legacy-protocol-support/
]]></system-err>
</testsuite>
