<?xml version="1.0" encoding="UTF-8"?>
<testsuite name="tests.RegistrationFormWithVariablesRandomTests" tests="1" skipped="0" failures="0" errors="0" timestamp="2023-02-25T20:53:18" hostname="MacBook-Pro-MACBOOK.local" time="4.856">
  <properties/>
  <testcase name="fillFormTest()" classname="tests.RegistrationFormWithVariablesRandomTests" time="4.856"/>
  <system-out><![CDATA[]]></system-out>
  <system-err><![CDATA[SLF4J: No SLF4J providers were found.
SLF4J: Defaulting to no-operation (NOP) logger implementation
SLF4J: See https://www.slf4j.org/codes.html#noProviders for further details.
Starting ChromeDriver 110.0.5481.77 (65ed616c6e8ee3fe0ad64fe83796c020644d42af-refs/branch-heads/5481@{#839}) on port 36422
Only local connections are allowed.
Please see https://chromedriver.chromium.org/security-considerations for suggestions on keeping ChromeDriver safe.
ChromeDriver was started successfully.
[1677358400.042][WARNING]: virtual void DevToolsClientImpl::AddListener(DevToolsEventListener *) subscribing a listener to the already connected DevToolsClient. Connection notification will not arrive.
февр. 26, 2023 12:53:20 AM org.openqa.selenium.devtools.CdpVersionFinder findNearestMatch
WARNING: Unable to find an exact match for CDP version 110, so returning the closest version found: 109
]]></system-err>
</testsuite>
