<?xml version="1.0" encoding="UTF-8"?>
<testsuite name="tests.RegistrationFormWithVariablesRandomTests" tests="1" skipped="0" failures="0" errors="0" timestamp="2023-07-23T21:27:21" hostname="MacBook-Pro-MACBOOK.local" time="9.856">
  <properties/>
  <testcase name="fillFormTest()" classname="tests.RegistrationFormWithVariablesRandomTests" time="9.856"/>
  <system-out><![CDATA[]]></system-out>
  <system-err><![CDATA[SLF4J: No SLF4J providers were found.
SLF4J: Defaulting to no-operation (NOP) logger implementation
SLF4J: See https://www.slf4j.org/codes.html#noProviders for further details.
1690147641524	geckodriver	INFO	Listening on 127.0.0.1:10012
1690147641669	mozrunner::runner	INFO	Running command: MOZ_CRASHREPORTER="1" MOZ_CRASHREPORTER_NO_REPORT="1" MOZ_CRASHREPORTER_SHUTDOWN="1" MOZ_NO_REMOTE="1" "/App ... /[::1]:36451/" "-foreground" "-no-remote" "-profile" "/var/folders/53/yqwdbd614f37d8jcrs9qxcpw0000gn/T/rust_mozprofilec5mZ5F"
console.warn: services.settings: Ignoring preference override of remote settings server
console.warn: services.settings: Allow by setting MOZ_REMOTE_SETTINGS_DEVTOOLS=1 in the environment
1690147642100	Marionette	INFO	Marionette enabled
console.error: "Warning: unrecognized command line flag -remote-allow-hosts\n"
console.error: "Warning: unrecognized command line flag -remote-allow-origins\n"
1690147642229	Marionette	INFO	Listening on port 53248
WebDriver BiDi listening on ws://127.0.0.1:36451
Read port: 53248
1690147642382	RemoteAgent	WARN	TLS certificate errors will be ignored for this session
UNSUPPORTED (log once): POSSIBLE ISSUE: unit 1 GLD_TEXTURE_INDEX_2D is unloadable and bound to sampler type (Float) - using zero texture because texture unloadable
DevTools listening on ws://127.0.0.1:36451/devtools/browser/3818a78e-f63d-471a-a5b5-fc4dc53f97ad
JavaScript error: https://cdn.ad.plus/player/adplus.js, line 402: TypeError: g(...).setup is not a function
console.warn: LoginRecipes: "Falling back to a synchronous message for: https://demoqa.com."
1690147651045	RemoteAgent	INFO	Perform WebSocket upgrade for incoming connection from 127.0.0.1:53294
1690147651048	CDP	WARN	Invalid browser preferences for CDP. Set "fission.webContentIsolationStrategy"to 0 and "fission.bfcacheInParent" to false before Firefox starts.
1690147651063	Marionette	INFO	Stopped listening on port 53248
]]></system-err>
</testsuite>
